
Processing TMVAClassification_A.C+("BDTG","ge3t","numJets>=3","numTaggedJets==3",true,"OS",-2)...

==> Start TMVAClassification
--- TMVAClassification       : Using tth input file: inputTrees/ttH125.root
--- TMVAClassification       : Using ttbar_lf input file: inputTrees/ttbar_lf.root
--- TMVAClassification       : Using ttbar_cc input file: inputTrees/ttbar_cc.root
--- TMVAClassification       : Using ttbar_bb input file: inputTrees/ttbar_bb.root
--- Factory                  : You are running ROOT Version: 5.32/00, Dec 2, 2011
--- Factory                  : 
--- Factory                  : _/_/_/_/_/ _|      _|  _|      _|    _|_|   
--- Factory                  :    _/      _|_|  _|_|  _|      _|  _|    _| 
--- Factory                  :   _/       _|  _|  _|  _|      _|  _|_|_|_| 
--- Factory                  :  _/        _|      _|    _|  _|    _|    _| 
--- Factory                  : _/         _|      _|      _|      _|    _| 
--- Factory                  : 
--- Factory                  : ___________TMVA Version 4.1.2, Jun 21, 2011
--- Factory                  : 
--- DataSetInfo              : Added class "Signal"	 with internal class number 0
--- Factory                  : Add Tree summaryTree of type Signal with 43231 events
--- DataSetInfo              : Added class "Background"	 with internal class number 1
--- Factory                  : Add Tree summaryTree of type Background with 2233588 events
--- Factory                  : Add Tree summaryTree of type Background with 104277 events
--- Factory                  : Add Tree summaryTree of type Background with 7308 events
--- Factory                  : Preparing trees for training and testing...
--- Factory                  : Booking method: [1mBDTG[0m
--- DataSetFactory           : Splitmode is: "RANDOM" the mixmode is: "SAMEASSPLITMODE"
--- DataSetFactory           : Create training and testing trees -- looping over class "Signal" ...
--- DataSetFactory           : Weight expression for class 'Signal': "weight*topPtWgt*csvWgtlf*csvWgthf*lepTotalSF*triggerSF"
--- DataSetFactory           : Create training and testing trees -- looping over class "Background" ...
--- DataSetFactory           : Weight expression for class 'Background': "weight*topPtWgt*csvWgtlf*csvWgthf*lepTotalSF*triggerSF"
--- DataSetFactory           : Number of events in input trees (after possible flattening of arrays):
--- DataSetFactory           :     Signal          -- number of events       : 43231  / sum of weights: 43567.1
--- DataSetFactory           :     Background      -- number of events       : 2345173  / sum of weights: 2.10479e+06
--- DataSetFactory           :     Signal     tree -- total number of entries: 43231
--- DataSetFactory           :     Background tree -- total number of entries: 2345173
--- DataSetFactory           : Preselection: (will effect number of requested training and testing events)
--- DataSetFactory           :     Signal     requirement: "((((( (TwoMuon && isDoubleMuTriggerPass) || (TwoEle && isDoubleElectronTriggerPass) || (MuonEle && isMuEGTriggerPass) ) )&&(isCleanEvent && (dR_leplep > 0.2) && (mass_leplep > 12) ))&&((oppositeLepCharge == 1)))&&(numJets>=3))&&(numTaggedJets==3)"
--- DataSetFactory           :     Signal          -- number of events passed: 4106   / sum of weights: 3743.14
--- DataSetFactory           :     Signal          -- efficiency             : 0.0859165
--- DataSetFactory           :     Background requirement: "((((( (TwoMuon && isDoubleMuTriggerPass) || (TwoEle && isDoubleElectronTriggerPass) || (MuonEle && isMuEGTriggerPass) ) )&&(isCleanEvent && (dR_leplep > 0.2) && (mass_leplep > 12) ))&&((oppositeLepCharge == 1)))&&(numJets>=3))&&(numTaggedJets==3)"
--- DataSetFactory           :     Background      -- number of events passed: 11553  / sum of weights: 6929.35
--- DataSetFactory           :     Background      -- efficiency             : 0.00329218
--- DataSetFactory           : Weight renormalisation mode: "NumEvents": renormalise independently the ...
--- DataSetFactory           : ... class weights so that Sum[i=1..N_j]{w_i} = N_j, j=0,1,2...
--- DataSetFactory           : ... (note that N_j is the sum of training and test events)
--- DataSetFactory           : --> Rescale Signal     event weights by factor: 1.09681
--- DataSetFactory           : --> Rescale Background event weights by factor: 1.69837
--- DataSetFactory           : Number of training and testing events after rescaling:
--- DataSetFactory           : ------------------------------------------------------
--- DataSetFactory           : Signal     -- training events            : 2052 (sum of weights: 2082.41) - requested were 21615 events
--- DataSetFactory           : Signal     -- testing events             : 2052 (sum of weights: 2021.59) - requested were 21615 events
--- DataSetFactory           : Signal     -- training and testing events: 4104 (sum of weights: 4104)
--- DataSetFactory           : Signal     -- due to the preselection a scaling factor has been applied to the numbers of requested events: 0.0949781
--- DataSetFactory           : Background -- training events            : 2052 (sum of weights: 2004.58) - requested were 416743 events
--- DataSetFactory           : Background -- testing events             : 2052 (sum of weights: 2099.42) - requested were 416743 events
--- DataSetFactory           : Background -- training and testing events: 4104 (sum of weights: 4104)
--- DataSetFactory           : Background -- due to the preselection a scaling factor has been applied to the numbers of requested events: 0.00492629
--- DataSetFactory           : Create internal training tree
--- DataSetFactory           : Create internal testing tree
--- DataSetInfo              : Correlation matrix (Signal):
--- DataSetInfo              : -------------------------------------------------------------------------------------------------------------------------------------------
--- DataSetInfo              :                              higgsLike_dijet_mass higgsLike_dijet_mass2 numHiggsLike_dijet_15_float  sum_pt min_dr_jets avg_btag_disc_btags
--- DataSetInfo              :        higgsLike_dijet_mass:               +1.000                +0.412                      -0.157  +0.157      +0.240              -0.016
--- DataSetInfo              :       higgsLike_dijet_mass2:               +0.412                +1.000                      -0.279  +0.212      +0.263              -0.020
--- DataSetInfo              : numHiggsLike_dijet_15_float:               -0.157                -0.279                      +1.000  -0.013      -0.167              -0.011
--- DataSetInfo              :                      sum_pt:               +0.157                +0.212                      -0.013  +1.000      -0.308              -0.081
--- DataSetInfo              :                 min_dr_jets:               +0.240                +0.263                      -0.167  -0.308      +1.000              +0.063
--- DataSetInfo              :         avg_btag_disc_btags:               -0.016                -0.020                      -0.011  -0.081      +0.063              +1.000
--- DataSetInfo              : -------------------------------------------------------------------------------------------------------------------------------------------
--- DataSetInfo              : Correlation matrix (Background):
--- DataSetInfo              : -------------------------------------------------------------------------------------------------------------------------------------------
--- DataSetInfo              :                              higgsLike_dijet_mass higgsLike_dijet_mass2 numHiggsLike_dijet_15_float  sum_pt min_dr_jets avg_btag_disc_btags
--- DataSetInfo              :        higgsLike_dijet_mass:               +1.000                +0.437                      -0.169  +0.205      +0.400              +0.046
--- DataSetInfo              :       higgsLike_dijet_mass2:               +0.437                +1.000                      -0.303  +0.254      +0.409              +0.014
--- DataSetInfo              : numHiggsLike_dijet_15_float:               -0.169                -0.303                      +1.000  +0.024      -0.203              -0.033
--- DataSetInfo              :                      sum_pt:               +0.205                +0.254                      +0.024  +1.000      -0.185              -0.040
--- DataSetInfo              :                 min_dr_jets:               +0.400                +0.409                      -0.203  -0.185      +1.000              +0.046
--- DataSetInfo              :         avg_btag_disc_btags:               +0.046                +0.014                      -0.033  -0.040      +0.046              +1.000
--- DataSetInfo              : -------------------------------------------------------------------------------------------------------------------------------------------
--- DataSetFactory           :  
--- Factory                  : 
--- Factory                  : current transformation string: 'I'
--- Factory                  : Create Transformation "I" with events from all classes.
--- Id                       : Transformation, Variable selection : 
--- Id                       : Input : variable 'higgsLike_dijet_mass' (index=0).   <---> Output : variable 'higgsLike_dijet_mass' (index=0).
--- Id                       : Input : variable 'higgsLike_dijet_mass2' (index=1).   <---> Output : variable 'higgsLike_dijet_mass2' (index=1).
--- Id                       : Input : variable 'numHiggsLike_dijet_15_float' (index=2).   <---> Output : variable 'numHiggsLike_dijet_15_float' (index=2).
--- Id                       : Input : variable 'sum_pt' (index=3).   <---> Output : variable 'sum_pt' (index=3).
--- Id                       : Input : variable 'min_dr_jets' (index=4).   <---> Output : variable 'min_dr_jets' (index=4).
--- Id                       : Input : variable 'avg_btag_disc_btags' (index=5).   <---> Output : variable 'avg_btag_disc_btags' (index=5).
--- Factory                  : 
--- Factory                  : current transformation string: 'D'
--- Factory                  : Create Transformation "D" with events from all classes.
--- Deco                     : Transformation, Variable selection : 
--- Deco                     : Input : variable 'higgsLike_dijet_mass' (index=0).   <---> Output : variable 'higgsLike_dijet_mass' (index=0).
--- Deco                     : Input : variable 'higgsLike_dijet_mass2' (index=1).   <---> Output : variable 'higgsLike_dijet_mass2' (index=1).
--- Deco                     : Input : variable 'numHiggsLike_dijet_15_float' (index=2).   <---> Output : variable 'numHiggsLike_dijet_15_float' (index=2).
--- Deco                     : Input : variable 'sum_pt' (index=3).   <---> Output : variable 'sum_pt' (index=3).
--- Deco                     : Input : variable 'min_dr_jets' (index=4).   <---> Output : variable 'min_dr_jets' (index=4).
--- Deco                     : Input : variable 'avg_btag_disc_btags' (index=5).   <---> Output : variable 'avg_btag_disc_btags' (index=5).
--- Factory                  : 
--- Factory                  : current transformation string: 'P'
--- Factory                  : Create Transformation "P" with events from all classes.
--- PCA                      : Transformation, Variable selection : 
--- PCA                      : Input : variable 'higgsLike_dijet_mass' (index=0).   <---> Output : variable 'higgsLike_dijet_mass' (index=0).
--- PCA                      : Input : variable 'higgsLike_dijet_mass2' (index=1).   <---> Output : variable 'higgsLike_dijet_mass2' (index=1).
--- PCA                      : Input : variable 'numHiggsLike_dijet_15_float' (index=2).   <---> Output : variable 'numHiggsLike_dijet_15_float' (index=2).
--- PCA                      : Input : variable 'sum_pt' (index=3).   <---> Output : variable 'sum_pt' (index=3).
--- PCA                      : Input : variable 'min_dr_jets' (index=4).   <---> Output : variable 'min_dr_jets' (index=4).
--- PCA                      : Input : variable 'avg_btag_disc_btags' (index=5).   <---> Output : variable 'avg_btag_disc_btags' (index=5).
--- Factory                  : 
--- Factory                  : current transformation string: 'G,D'
--- Factory                  : Create Transformation "G" with events from all classes.
--- Gauss                    : Transformation, Variable selection : 
--- Gauss                    : Input : variable 'higgsLike_dijet_mass' (index=0).   <---> Output : variable 'higgsLike_dijet_mass' (index=0).
--- Gauss                    : Input : variable 'higgsLike_dijet_mass2' (index=1).   <---> Output : variable 'higgsLike_dijet_mass2' (index=1).
--- Gauss                    : Input : variable 'numHiggsLike_dijet_15_float' (index=2).   <---> Output : variable 'numHiggsLike_dijet_15_float' (index=2).
--- Gauss                    : Input : variable 'sum_pt' (index=3).   <---> Output : variable 'sum_pt' (index=3).
--- Gauss                    : Input : variable 'min_dr_jets' (index=4).   <---> Output : variable 'min_dr_jets' (index=4).
--- Gauss                    : Input : variable 'avg_btag_disc_btags' (index=5).   <---> Output : variable 'avg_btag_disc_btags' (index=5).
--- Factory                  : Create Transformation "D" with events from all classes.
--- Deco                     : Transformation, Variable selection : 
--- Deco                     : Input : variable 'higgsLike_dijet_mass' (index=0).   <---> Output : variable 'higgsLike_dijet_mass' (index=0).
--- Deco                     : Input : variable 'higgsLike_dijet_mass2' (index=1).   <---> Output : variable 'higgsLike_dijet_mass2' (index=1).
--- Deco                     : Input : variable 'numHiggsLike_dijet_15_float' (index=2).   <---> Output : variable 'numHiggsLike_dijet_15_float' (index=2).
--- Deco                     : Input : variable 'sum_pt' (index=3).   <---> Output : variable 'sum_pt' (index=3).
--- Deco                     : Input : variable 'min_dr_jets' (index=4).   <---> Output : variable 'min_dr_jets' (index=4).
--- Deco                     : Input : variable 'avg_btag_disc_btags' (index=5).   <---> Output : variable 'avg_btag_disc_btags' (index=5).
--- Id                       : Preparing the Identity transformation...
--- TFHandler_Factory        : ----------------------------------------------------------------------------------------------------------------------------------------------------------
--- TFHandler_Factory        :                    Variable                           Mean                           RMS                   [        Min                           Max ]
--- TFHandler_Factory        : ----------------------------------------------------------------------------------------------------------------------------------------------------------
--- TFHandler_Factory        :        higgsLike_dijet_mass:                       120.24                       30.820   [                       32.062                       474.47 ]
--- TFHandler_Factory        :       higgsLike_dijet_mass2:                       135.48                       57.768   [                       32.040                       766.42 ]
--- TFHandler_Factory        : numHiggsLike_dijet_15_float:                       1.1516                       1.1718   [                       0.0000                       7.0000 ]
--- TFHandler_Factory        :                      sum_pt:                       456.53                       175.13   [                       162.99                       1673.9 ]
--- TFHandler_Factory        :                 min_dr_jets:                       1.1919                      0.51129   [                      0.50385                       3.4253 ]
--- TFHandler_Factory        :         avg_btag_disc_btags:                      0.90794                     0.048150   [                      0.68153                      0.99998 ]
--- TFHandler_Factory        : ----------------------------------------------------------------------------------------------------------------------------------------------------------
--- TFHandler_Factory        : Plot event variables for Id
--- TFHandler_Factory        : Create scatter and profile plots in target-file directory: 
--- TFHandler_Factory        : TMVA_trained_OS_ge3t_aaa.root:/InputVariables_Id/CorrelationPlots
--- Deco                     : Preparing the Decorrelation transformation...
--- TFHandler_Factory        : ----------------------------------------------------------------------------------------------------------------------------------------------------------
--- TFHandler_Factory        :                    Variable                           Mean                           RMS                   [        Min                           Max ]
--- TFHandler_Factory        : ----------------------------------------------------------------------------------------------------------------------------------------------------------
--- TFHandler_Factory        :        higgsLike_dijet_mass:                       3.3304                       1.0000   [                      -1.0295                       13.584 ]
--- TFHandler_Factory        :       higgsLike_dijet_mass2:                       1.5417                       1.0000   [                     -0.56973                       11.003 ]
--- TFHandler_Factory        : numHiggsLike_dijet_15_float:                       1.6242                       1.0000   [                     -0.40395                       6.7223 ]
--- TFHandler_Factory        :                      sum_pt:                       2.4711                       1.0000   [                      0.79451                       9.5022 ]
--- TFHandler_Factory        :                 min_dr_jets:                       1.9698                       1.0000   [                      -3.2237                       5.7361 ]
--- TFHandler_Factory        :         avg_btag_disc_btags:                       18.838                       1.0000   [                       14.110                       20.873 ]
--- TFHandler_Factory        : ----------------------------------------------------------------------------------------------------------------------------------------------------------
--- TFHandler_Factory        : Plot event variables for Deco
--- TFHandler_Factory        : Create scatter and profile plots in target-file directory: 
--- TFHandler_Factory        : TMVA_trained_OS_ge3t_aaa.root:/InputVariables_Deco/CorrelationPlots
--- PCA                      : Preparing the Principle Component (PCA) transformation...
--- TFHandler_Factory        : ----------------------------------------------------------------------------------------------------------------------------------------------------------
--- TFHandler_Factory        :                    Variable                           Mean                           RMS                   [        Min                           Max ]
--- TFHandler_Factory        : ----------------------------------------------------------------------------------------------------------------------------------------------------------
--- TFHandler_Factory        :        higgsLike_dijet_mass:                       15.448                       175.56   [                      -1198.2                       308.89 ]
--- TFHandler_Factory        :       higgsLike_dijet_mass2:                       1.8773                       58.421   [                      -114.45                       637.80 ]
--- TFHandler_Factory        : numHiggsLike_dijet_15_float:                      0.33992                       26.896   [                      -155.50                       242.59 ]
--- TFHandler_Factory        :                      sum_pt:                    -0.010212                       1.1065   [                      -5.6777                       2.1053 ]
--- TFHandler_Factory        :                 min_dr_jets:                    -0.013265                      0.41501   [                      -1.5757                       2.1864 ]
--- TFHandler_Factory        :         avg_btag_disc_btags:                    0.0059691                     0.048066   [                    -0.094755                      0.23306 ]
--- TFHandler_Factory        : ----------------------------------------------------------------------------------------------------------------------------------------------------------
--- TFHandler_Factory        : Plot event variables for PCA
--- TFHandler_Factory        : Create scatter and profile plots in target-file directory: 
--- TFHandler_Factory        : TMVA_trained_OS_ge3t_aaa.root:/InputVariables_PCA/CorrelationPlots
--- Gauss                    : Preparing the Gaussian transformation...
--- Deco                     : Preparing the Decorrelation transformation...
--- TFHandler_Factory        : ----------------------------------------------------------------------------------------------------------------------------------------------------------
--- TFHandler_Factory        :                    Variable                           Mean                           RMS                   [        Min                           Max ]
--- TFHandler_Factory        : ----------------------------------------------------------------------------------------------------------------------------------------------------------
--- TFHandler_Factory        :        higgsLike_dijet_mass:                    -0.030547                       1.0000   [                      -6.0213                       5.1732 ]
--- TFHandler_Factory        :       higgsLike_dijet_mass2:                    -0.085257                       1.0000   [                      -6.1206                       5.2279 ]
--- TFHandler_Factory        : numHiggsLike_dijet_15_float:                     -0.48862                       1.0000   [                      -2.2896                       2.6064 ]
--- TFHandler_Factory        :                      sum_pt:                     0.025093                       1.0000   [                      -5.7053                       5.9392 ]
--- TFHandler_Factory        :                 min_dr_jets:                    -0.040617                       1.0000   [                      -4.5746                       5.7506 ]
--- TFHandler_Factory        :         avg_btag_disc_btags:                     0.019225                       1.0000   [                      -4.6751                       5.7093 ]
--- TFHandler_Factory        : ----------------------------------------------------------------------------------------------------------------------------------------------------------
--- TFHandler_Factory        : Plot event variables for Gauss_Deco
--- TFHandler_Factory        : Create scatter and profile plots in target-file directory: 
--- TFHandler_Factory        : TMVA_trained_OS_ge3t_aaa.root:/InputVariables_Gauss_Deco/CorrelationPlots
--- TFHandler_Factory        :  
--- TFHandler_Factory        : Ranking input variables (method unspecific)...
--- IdTransformation         : Ranking result (top variable is best ranked)
--- IdTransformation         : ----------------------------------------------------
--- IdTransformation         : Rank : Variable                    : Separation
--- IdTransformation         : ----------------------------------------------------
--- IdTransformation         :    1 : avg_btag_disc_btags         : 1.205e-01
--- IdTransformation         :    2 : sum_pt                      : 1.041e-01
--- IdTransformation         :    3 : higgsLike_dijet_mass2       : 1.023e-01
--- IdTransformation         :    4 : numHiggsLike_dijet_15_float : 9.417e-02
--- IdTransformation         :    5 : min_dr_jets                 : 9.117e-02
--- IdTransformation         :    6 : higgsLike_dijet_mass        : 7.963e-02
--- IdTransformation         : ----------------------------------------------------
--- Factory                  :  
--- Factory                  : Train all methods for Classification ...
--- Factory                  : Train method: BDTG for Classification
--- TFHandler_BDTG           : ----------------------------------------------------------------------------------------------------------------------------------------------------------
--- TFHandler_BDTG           :                    Variable                           Mean                           RMS                   [        Min                           Max ]
--- TFHandler_BDTG           : ----------------------------------------------------------------------------------------------------------------------------------------------------------
--- TFHandler_BDTG           :        higgsLike_dijet_mass:                       120.24                       30.820   [                       32.062                       474.47 ]
--- TFHandler_BDTG           :       higgsLike_dijet_mass2:                       135.48                       57.768   [                       32.040                       766.42 ]
--- TFHandler_BDTG           : numHiggsLike_dijet_15_float:                       1.1516                       1.1718   [                       0.0000                       7.0000 ]
--- TFHandler_BDTG           :                      sum_pt:                       456.53                       175.13   [                       162.99                       1673.9 ]
--- TFHandler_BDTG           :                 min_dr_jets:                       1.1919                      0.51129   [                      0.50385                       3.4253 ]
--- TFHandler_BDTG           :         avg_btag_disc_btags:                      0.90794                     0.048150   [                      0.68153                      0.99998 ]
--- TFHandler_BDTG           : ----------------------------------------------------------------------------------------------------------------------------------------------------------
--- BDTG                     : Begin training
--- BDTG                     : Training 400 Decision Trees ... patience please
--- BDTG                     : <Train> elapsed time: [1;31m2.22 sec[0m                              
--- BDTG                     : <Train> average number of nodes (w/o pruning) : 5
--- BDTG                     : End of training                                              
--- BDTG                     : Elapsed time for training with 4104 events: [1;31m2.23 sec[0m         
--- BDTG                     : Create MVA output for classification on training sample
--- BDTG                     : Evaluation of BDTG on training sample (4104 events)
--- BDTG                     : Elapsed time for evaluation of 4104 events: [1;31m0.183 sec[0m       
--- BDTG                     : Creating weight file in xml format: [0;36mweights/ge3t/TMVAClassification_BDTG.weights.xml[0m
--- BDTG                     : Creating standalone response class: [0;36mweights/ge3t/TMVAClassification_BDTG.class.C[0m
--- BDTG                     : Write monitoring histograms to file: TMVA_trained_OS_ge3t_aaa.root:/Method_BDT/BDTG
--- Factory                  : Training finished
--- Factory                  : 
--- Factory                  : Ranking input variables (method specific)...
--- BDTG                     : Ranking result (top variable is best ranked)
--- BDTG                     : -------------------------------------------------------------
--- BDTG                     : Rank : Variable                    : Variable Importance
--- BDTG                     : -------------------------------------------------------------
--- BDTG                     :    1 : sum_pt                      : 2.087e-01
--- BDTG                     :    2 : avg_btag_disc_btags         : 1.886e-01
--- BDTG                     :    3 : min_dr_jets                 : 1.781e-01
--- BDTG                     :    4 : higgsLike_dijet_mass2       : 1.497e-01
--- BDTG                     :    5 : higgsLike_dijet_mass        : 1.405e-01
--- BDTG                     :    6 : numHiggsLike_dijet_15_float : 1.343e-01
--- BDTG                     : -------------------------------------------------------------
--- Factory                  : 
--- Factory                  : === Destroy and recreate all methods via weight files for testing ===
--- Factory                  : 
--- MethodBase               : Reading weight file: [0;36mweights/ge3t/TMVAClassification_BDTG.weights.xml[0m
--- BDTG                     : Read method "BDTG" of type "BDT"
--- BDTG                     : MVA method was trained with TMVA Version: 4.1.2
--- BDTG                     : MVA method was trained with ROOT Version: 5.32/00
--- Factory                  : Test all methods...
--- Factory                  : Test method: BDTG for Classification performance
--- BDTG                     : Evaluation of BDTG on testing sample (4104 events)
--- BDTG                     : Elapsed time for evaluation of 4104 events: [1;31m0.173 sec[0m       
--- Factory                  : Evaluate all methods...
--- Factory                  : Evaluate classifier: BDTG
--- BDTG                     : Loop over test events and fill histograms with classifier response...
--- Factory                  : Write evaluation histograms to file
--- TFHandler_BDTG           : Plot event variables for BDTG
--- TFHandler_BDTG           : ----------------------------------------------------------------------------------------------------------------------------------------------------------
--- TFHandler_BDTG           :                    Variable                           Mean                           RMS                   [        Min                           Max ]
--- TFHandler_BDTG           : ----------------------------------------------------------------------------------------------------------------------------------------------------------
--- TFHandler_BDTG           :        higgsLike_dijet_mass:                       120.46                       31.058   [                       38.182                       406.31 ]
--- TFHandler_BDTG           :       higgsLike_dijet_mass2:                       138.41                       62.897   [                       34.080                       694.04 ]
--- TFHandler_BDTG           : numHiggsLike_dijet_15_float:                       1.1181                       1.1423   [                       0.0000                       7.0000 ]
--- TFHandler_BDTG           :                      sum_pt:                       458.08                       181.34   [                       158.88                       2354.7 ]
--- TFHandler_BDTG           :                 min_dr_jets:                       1.1979                      0.50818   [                      0.50322                       3.4697 ]
--- TFHandler_BDTG           :         avg_btag_disc_btags:                      0.90838                     0.048202   [                      0.71293                      0.99998 ]
--- TFHandler_BDTG           : ----------------------------------------------------------------------------------------------------------------------------------------------------------
--- TFHandler_BDTG           : Create scatter and profile plots in target-file directory: 
--- TFHandler_BDTG           : TMVA_trained_OS_ge3t_aaa.root:/Method_BDT/BDTG/CorrelationPlots
--- Factory                  : Correlations between input variables and MVA response (signal):
--- Factory                  : ----------------
--- Factory                  :                                 BDTG
--- Factory                  :        higgsLike_dijet_mass:  -0.186
--- Factory                  :       higgsLike_dijet_mass2:  -0.196
--- Factory                  : numHiggsLike_dijet_15_float:  +0.456
--- Factory                  :                      sum_pt:  +0.271
--- Factory                  :                 min_dr_jets:  -0.411
--- Factory                  :         avg_btag_disc_btags:  +0.624
--- Factory                  : ----------------
--- Factory                  : 
--- Factory                  : Correlations between input variables and MVA response (background):
--- Factory                  : ----------------
--- Factory                  :                                 BDTG
--- Factory                  :        higgsLike_dijet_mass:  -0.137
--- Factory                  :       higgsLike_dijet_mass2:  -0.232
--- Factory                  : numHiggsLike_dijet_15_float:  +0.506
--- Factory                  :                      sum_pt:  +0.431
--- Factory                  :                 min_dr_jets:  -0.526
--- Factory                  :         avg_btag_disc_btags:  +0.487
--- Factory                  : ----------------
--- Factory                  : 
--- Factory                  : The following "overlap" matrices contain the fraction of events for which 
--- Factory                  : the MVAs 'i' and 'j' have returned conform answers about "signal-likeness"
--- Factory                  : An event is signal-like, if its MVA output exceeds the following value:
--- Factory                  : --------------------
--- Factory                  :  Method:  Cut value:
--- Factory                  : --------------------
--- Factory                  :    BDTG:     +0.093
--- Factory                  : --------------------
--- Factory                  : which correspond to the working point: eff(signal) = 1 - eff(background)
--- Factory                  : 
--- Factory                  : Evaluation results ranked by best signal efficiency and purity (area)
--- Factory                  : --------------------------------------------------------------------------------
--- Factory                  : MVA              Signal efficiency at bkg eff.(error):       | Sepa-    Signifi- 
--- Factory                  : Method:          @B=0.01    @B=0.10    @B=0.30    ROC-integ. | ration:  cance:   
--- Factory                  : --------------------------------------------------------------------------------
--- Factory                  : BDTG           : 0.141(07)  0.453(11)  0.731(09)    0.787    | 0.251    0.648
--- Factory                  : --------------------------------------------------------------------------------
--- Factory                  : 
--- Factory                  : Testing efficiency compared to training efficiency (overtraining check)
--- Factory                  : --------------------------------------------------------------------------------
--- Factory                  : MVA              Signal efficiency: from test sample (from training sample) 
--- Factory                  : Method:          @B=0.01             @B=0.10            @B=0.30   
--- Factory                  : --------------------------------------------------------------------------------
--- Factory                  : BDTG           : 0.141 (0.180)       0.453 (0.531)      0.731 (0.770)
--- Factory                  : --------------------------------------------------------------------------------
--- Factory                  : 
--- Dataset:Default          : Created tree 'TestTree' with 4104 events
--- Dataset:Default          : Created tree 'TrainTree' with 4104 events
--- Factory                  :   
--- Factory                  : [1mThank you for using TMVA![0m
--- Factory                  : [1mFor citation information, please visit: http://tmva.sf.net/citeTMVA.html[0m
  
==> Wrote root file: TMVA_trained_OS_ge3t_aaa.root
  
  
==> TMVAClassification is done!
