
Processing TMVAClassification_A.C+("BDTG","ge3jge3t","numJets>=3","numTaggedJets>=3",true,"OS",-2)...

==> Start TMVAClassification
--- TMVAClassification       : Using tth input file: inputTrees/ttH125.root
--- TMVAClassification       : Using ttbar_lf input file: inputTrees/ttbar_lf.root
--- TMVAClassification       : Using ttbar_cc input file: inputTrees/ttbar_cc.root
--- TMVAClassification       : Using ttbar_bb input file: inputTrees/ttbar_bb.root
--- Factory                  : You are running ROOT Version: 5.32/00, Dec 2, 2011
--- Factory                  : 
--- Factory                  : _/_/_/_/_/ _|      _|  _|      _|    _|_|   
--- Factory                  :    _/      _|_|  _|_|  _|      _|  _|    _| 
--- Factory                  :   _/       _|  _|  _|  _|      _|  _|_|_|_| 
--- Factory                  :  _/        _|      _|    _|  _|    _|    _| 
--- Factory                  : _/         _|      _|      _|      _|    _| 
--- Factory                  : 
--- Factory                  : ___________TMVA Version 4.1.2, Jun 21, 2011
--- Factory                  : 
--- DataSetInfo              : Added class "Signal"	 with internal class number 0
--- Factory                  : Add Tree summaryTree of type Signal with 43231 events
--- DataSetInfo              : Added class "Background"	 with internal class number 1
--- Factory                  : Add Tree summaryTree of type Background with 2233588 events
--- Factory                  : Add Tree summaryTree of type Background with 104277 events
--- Factory                  : Add Tree summaryTree of type Background with 7308 events
--- Factory                  : Preparing trees for training and testing...
--- Factory                  : Booking method: [1mBDTG[0m
--- DataSetFactory           : Splitmode is: "RANDOM" the mixmode is: "SAMEASSPLITMODE"
--- DataSetFactory           : Create training and testing trees -- looping over class "Signal" ...
--- DataSetFactory           : Weight expression for class 'Signal': "weight*topPtWgt*csvWgtlf*csvWgthf*lepTotalSF*triggerSF"
--- DataSetFactory           : Create training and testing trees -- looping over class "Background" ...
--- DataSetFactory           : Weight expression for class 'Background': "weight*topPtWgt*csvWgtlf*csvWgthf*lepTotalSF*triggerSF"
--- DataSetFactory           : Number of events in input trees (after possible flattening of arrays):
--- DataSetFactory           :     Signal          -- number of events       : 43231  / sum of weights: 43567.1
--- DataSetFactory           :     Background      -- number of events       : 2345173  / sum of weights: 2.10479e+06
--- DataSetFactory           :     Signal     tree -- total number of entries: 43231
--- DataSetFactory           :     Background tree -- total number of entries: 2345173
--- DataSetFactory           : Preselection: (will effect number of requested training and testing events)
--- DataSetFactory           :     Signal     requirement: "((((( (TwoMuon && isDoubleMuTriggerPass) || (TwoEle && isDoubleElectronTriggerPass) || (MuonEle && isMuEGTriggerPass) ) )&&(isCleanEvent && (dR_leplep > 0.2) && (mass_leplep > 12) ))&&((oppositeLepCharge == 1)))&&(numJets>=3))&&(numTaggedJets>=3)"
--- DataSetFactory           :     Signal          -- number of events passed: 4978   / sum of weights: 4478.8
--- DataSetFactory           :     Signal          -- efficiency             : 0.102802
--- DataSetFactory           :     Background requirement: "((((( (TwoMuon && isDoubleMuTriggerPass) || (TwoEle && isDoubleElectronTriggerPass) || (MuonEle && isMuEGTriggerPass) ) )&&(isCleanEvent && (dR_leplep > 0.2) && (mass_leplep > 12) ))&&((oppositeLepCharge == 1)))&&(numJets>=3))&&(numTaggedJets>=3)"
--- DataSetFactory           :     Background      -- number of events passed: 12159  / sum of weights: 7062.69
--- DataSetFactory           :     Background      -- efficiency             : 0.00335554
--- DataSetFactory           : Weight renormalisation mode: "NumEvents": renormalise independently the ...
--- DataSetFactory           : ... class weights so that Sum[i=1..N_j]{w_i} = N_j, j=0,1,2...
--- DataSetFactory           : ... (note that N_j is the sum of training and test events)
--- DataSetFactory           : --> Rescale Signal     event weights by factor: 1.1114
--- DataSetFactory           : --> Rescale Background event weights by factor: 1.69603
--- DataSetFactory           : Number of training and testing events after rescaling:
--- DataSetFactory           : ------------------------------------------------------
--- DataSetFactory           : Signal     -- training events            : 2488 (sum of weights: 2467.27) - requested were 21615 events
--- DataSetFactory           : Signal     -- testing events             : 2488 (sum of weights: 2508.73) - requested were 21615 events
--- DataSetFactory           : Signal     -- training and testing events: 4976 (sum of weights: 4976)
--- DataSetFactory           : Signal     -- due to the preselection a scaling factor has been applied to the numbers of requested events: 0.115149
--- DataSetFactory           : Background -- training events            : 2488 (sum of weights: 2519.68) - requested were 480067 events
--- DataSetFactory           : Background -- testing events             : 2488 (sum of weights: 2456.32) - requested were 480067 events
--- DataSetFactory           : Background -- training and testing events: 4976 (sum of weights: 4976)
--- DataSetFactory           : Background -- due to the preselection a scaling factor has been applied to the numbers of requested events: 0.00518469
--- DataSetFactory           : Create internal training tree
--- DataSetFactory           : Create internal testing tree
--- DataSetInfo              : Correlation matrix (Signal):
--- DataSetInfo              : ------------------------------------------------------
--- DataSetInfo              :                       min_dr_jets higgsLike_dijet_mass
--- DataSetInfo              :          min_dr_jets:      +1.000               +0.248
--- DataSetInfo              : higgsLike_dijet_mass:      +0.248               +1.000
--- DataSetInfo              : ------------------------------------------------------
--- DataSetInfo              : Correlation matrix (Background):
--- DataSetInfo              : ------------------------------------------------------
--- DataSetInfo              :                       min_dr_jets higgsLike_dijet_mass
--- DataSetInfo              :          min_dr_jets:      +1.000               +0.368
--- DataSetInfo              : higgsLike_dijet_mass:      +0.368               +1.000
--- DataSetInfo              : ------------------------------------------------------
--- DataSetFactory           :  
--- Factory                  : 
--- Factory                  : current transformation string: 'I'
--- Factory                  : Create Transformation "I" with events from all classes.
--- Id                       : Transformation, Variable selection : 
--- Id                       : Input : variable 'min_dr_jets' (index=0).   <---> Output : variable 'min_dr_jets' (index=0).
--- Id                       : Input : variable 'higgsLike_dijet_mass' (index=1).   <---> Output : variable 'higgsLike_dijet_mass' (index=1).
--- Factory                  : 
--- Factory                  : current transformation string: 'D'
--- Factory                  : Create Transformation "D" with events from all classes.
--- Deco                     : Transformation, Variable selection : 
--- Deco                     : Input : variable 'min_dr_jets' (index=0).   <---> Output : variable 'min_dr_jets' (index=0).
--- Deco                     : Input : variable 'higgsLike_dijet_mass' (index=1).   <---> Output : variable 'higgsLike_dijet_mass' (index=1).
--- Factory                  : 
--- Factory                  : current transformation string: 'P'
--- Factory                  : Create Transformation "P" with events from all classes.
--- PCA                      : Transformation, Variable selection : 
--- PCA                      : Input : variable 'min_dr_jets' (index=0).   <---> Output : variable 'min_dr_jets' (index=0).
--- PCA                      : Input : variable 'higgsLike_dijet_mass' (index=1).   <---> Output : variable 'higgsLike_dijet_mass' (index=1).
--- Factory                  : 
--- Factory                  : current transformation string: 'G,D'
--- Factory                  : Create Transformation "G" with events from all classes.
--- Gauss                    : Transformation, Variable selection : 
--- Gauss                    : Input : variable 'min_dr_jets' (index=0).   <---> Output : variable 'min_dr_jets' (index=0).
--- Gauss                    : Input : variable 'higgsLike_dijet_mass' (index=1).   <---> Output : variable 'higgsLike_dijet_mass' (index=1).
--- Factory                  : Create Transformation "D" with events from all classes.
--- Deco                     : Transformation, Variable selection : 
--- Deco                     : Input : variable 'min_dr_jets' (index=0).   <---> Output : variable 'min_dr_jets' (index=0).
--- Deco                     : Input : variable 'higgsLike_dijet_mass' (index=1).   <---> Output : variable 'higgsLike_dijet_mass' (index=1).
--- Id                       : Preparing the Identity transformation...
--- TFHandler_Factory        : -----------------------------------------------------------------------------------------------------------------------
--- TFHandler_Factory        :             Variable                    Mean                    RMS            [        Min                    Max ]
--- TFHandler_Factory        : -----------------------------------------------------------------------------------------------------------------------
--- TFHandler_Factory        :          min_dr_jets:                1.1816               0.51374   [               0.50144                3.4253 ]
--- TFHandler_Factory        : higgsLike_dijet_mass:                120.77                31.781   [                32.062                474.47 ]
--- TFHandler_Factory        : -----------------------------------------------------------------------------------------------------------------------
--- TFHandler_Factory        : Plot event variables for Id
--- TFHandler_Factory        : Create scatter and profile plots in target-file directory: 
--- TFHandler_Factory        : TMVA_trained_OS_ge3jge3t_aaa.root:/InputVariables_Id/CorrelationPlots
--- Deco                     : Preparing the Decorrelation transformation...
--- TFHandler_Factory        : -----------------------------------------------------------------------------------------------------------------------
--- TFHandler_Factory        :             Variable                    Mean                    RMS            [        Min                    Max ]
--- TFHandler_Factory        : -----------------------------------------------------------------------------------------------------------------------
--- TFHandler_Factory        :          min_dr_jets:                1.0789                1.0000   [               -1.0971                5.3197 ]
--- TFHandler_Factory        : higgsLike_dijet_mass:                3.7942                1.0000   [                1.0017                14.929 ]
--- TFHandler_Factory        : -----------------------------------------------------------------------------------------------------------------------
--- TFHandler_Factory        : Plot event variables for Deco
--- TFHandler_Factory        : Create scatter and profile plots in target-file directory: 
--- TFHandler_Factory        : TMVA_trained_OS_ge3jge3t_aaa.root:/InputVariables_Deco/CorrelationPlots
--- PCA                      : Preparing the Principle Component (PCA) transformation...
--- TFHandler_Factory        : -----------------------------------------------------------------------------------------------------------------------
--- TFHandler_Factory        :             Variable                    Mean                    RMS            [        Min                    Max ]
--- TFHandler_Factory        : -----------------------------------------------------------------------------------------------------------------------
--- TFHandler_Factory        :          min_dr_jets:               0.91724                31.781   [               -87.790                354.62 ]
--- TFHandler_Factory        : higgsLike_dijet_mass:             -0.034238               0.48260   [               -2.0931                1.1285 ]
--- TFHandler_Factory        : -----------------------------------------------------------------------------------------------------------------------
--- TFHandler_Factory        : Plot event variables for PCA
--- TFHandler_Factory        : Create scatter and profile plots in target-file directory: 
--- TFHandler_Factory        : TMVA_trained_OS_ge3jge3t_aaa.root:/InputVariables_PCA/CorrelationPlots
--- Gauss                    : Preparing the Gaussian transformation...
--- Deco                     : Preparing the Decorrelation transformation...
--- TFHandler_Factory        : -----------------------------------------------------------------------------------------------------------------------
--- TFHandler_Factory        :             Variable                    Mean                    RMS            [        Min                    Max ]
--- TFHandler_Factory        : -----------------------------------------------------------------------------------------------------------------------
--- TFHandler_Factory        :          min_dr_jets:             0.0030721                1.0000   [               -4.1483                5.5965 ]
--- TFHandler_Factory        : higgsLike_dijet_mass:             0.0049492                1.0000   [               -5.7021                5.5155 ]
--- TFHandler_Factory        : -----------------------------------------------------------------------------------------------------------------------
--- TFHandler_Factory        : Plot event variables for Gauss_Deco
--- TFHandler_Factory        : Create scatter and profile plots in target-file directory: 
--- TFHandler_Factory        : TMVA_trained_OS_ge3jge3t_aaa.root:/InputVariables_Gauss_Deco/CorrelationPlots
--- TFHandler_Factory        :  
--- TFHandler_Factory        : Ranking input variables (method unspecific)...
--- IdTransformation         : Ranking result (top variable is best ranked)
--- IdTransformation         : ---------------------------------------------
--- IdTransformation         : Rank : Variable             : Separation
--- IdTransformation         : ---------------------------------------------
--- IdTransformation         :    1 : min_dr_jets          : 8.783e-02
--- IdTransformation         :    2 : higgsLike_dijet_mass : 7.855e-02
--- IdTransformation         : ---------------------------------------------
--- Factory                  :  
--- Factory                  : Train all methods for Classification ...
--- Factory                  : Train method: BDTG for Classification
--- TFHandler_BDTG           : -----------------------------------------------------------------------------------------------------------------------
--- TFHandler_BDTG           :             Variable                    Mean                    RMS            [        Min                    Max ]
--- TFHandler_BDTG           : -----------------------------------------------------------------------------------------------------------------------
--- TFHandler_BDTG           :          min_dr_jets:                1.1816               0.51374   [               0.50144                3.4253 ]
--- TFHandler_BDTG           : higgsLike_dijet_mass:                120.77                31.781   [                32.062                474.47 ]
--- TFHandler_BDTG           : -----------------------------------------------------------------------------------------------------------------------
--- BDTG                     : Begin training
--- BDTG                     : Training 400 Decision Trees ... patience please
--- BDTG                     : <Train> elapsed time: [1;31m1.88 sec[0m                              
--- BDTG                     : <Train> average number of nodes (w/o pruning) : 5
--- BDTG                     : End of training                                              
--- BDTG                     : Elapsed time for training with 4976 events: [1;31m1.88 sec[0m         
--- BDTG                     : Create MVA output for classification on training sample
--- BDTG                     : Evaluation of BDTG on training sample (4976 events)
--- BDTG                     : Elapsed time for evaluation of 4976 events: [1;31m0.218 sec[0m       
--- BDTG                     : Creating weight file in xml format: [0;36mweights/ge3jge3t/TMVAClassification_BDTG.weights.xml[0m
--- BDTG                     : Creating standalone response class: [0;36mweights/ge3jge3t/TMVAClassification_BDTG.class.C[0m
--- BDTG                     : Write monitoring histograms to file: TMVA_trained_OS_ge3jge3t_aaa.root:/Method_BDT/BDTG
--- Factory                  : Training finished
--- Factory                  : 
--- Factory                  : Ranking input variables (method specific)...
--- BDTG                     : Ranking result (top variable is best ranked)
--- BDTG                     : ------------------------------------------------------
--- BDTG                     : Rank : Variable             : Variable Importance
--- BDTG                     : ------------------------------------------------------
--- BDTG                     :    1 : higgsLike_dijet_mass : 5.236e-01
--- BDTG                     :    2 : min_dr_jets          : 4.764e-01
--- BDTG                     : ------------------------------------------------------
--- Factory                  : 
--- Factory                  : === Destroy and recreate all methods via weight files for testing ===
--- Factory                  : 
--- MethodBase               : Reading weight file: [0;36mweights/ge3jge3t/TMVAClassification_BDTG.weights.xml[0m
--- BDTG                     : Read method "BDTG" of type "BDT"
--- BDTG                     : MVA method was trained with TMVA Version: 4.1.2
--- BDTG                     : MVA method was trained with ROOT Version: 5.32/00
--- Factory                  : Test all methods...
--- Factory                  : Test method: BDTG for Classification performance
--- BDTG                     : Evaluation of BDTG on testing sample (4976 events)
--- BDTG                     : Elapsed time for evaluation of 4976 events: [1;31m0.208 sec[0m       
--- Factory                  : Evaluate all methods...
--- Factory                  : Evaluate classifier: BDTG
--- BDTG                     : Loop over test events and fill histograms with classifier response...
--- Factory                  : Write evaluation histograms to file
--- TFHandler_BDTG           : Plot event variables for BDTG
--- TFHandler_BDTG           : -----------------------------------------------------------------------------------------------------------------------
--- TFHandler_BDTG           :             Variable                    Mean                    RMS            [        Min                    Max ]
--- TFHandler_BDTG           : -----------------------------------------------------------------------------------------------------------------------
--- TFHandler_BDTG           :          min_dr_jets:                1.1742               0.49474   [               0.50188                3.4697 ]
--- TFHandler_BDTG           : higgsLike_dijet_mass:                119.26                28.171   [                39.162                504.35 ]
--- TFHandler_BDTG           : -----------------------------------------------------------------------------------------------------------------------
--- TFHandler_BDTG           : Create scatter and profile plots in target-file directory: 
--- TFHandler_BDTG           : TMVA_trained_OS_ge3jge3t_aaa.root:/Method_BDT/BDTG/CorrelationPlots
--- Factory                  : Correlations between input variables and MVA response (signal):
--- Factory                  : ----------------
--- Factory                  :                          BDTG
--- Factory                  :          min_dr_jets:  -0.697
--- Factory                  : higgsLike_dijet_mass:  -0.226
--- Factory                  : ----------------
--- Factory                  : 
--- Factory                  : Correlations between input variables and MVA response (background):
--- Factory                  : ----------------
--- Factory                  :                          BDTG
--- Factory                  :          min_dr_jets:  -0.747
--- Factory                  : higgsLike_dijet_mass:  -0.233
--- Factory                  : ----------------
--- Factory                  : 
--- Factory                  : The following "overlap" matrices contain the fraction of events for which 
--- Factory                  : the MVAs 'i' and 'j' have returned conform answers about "signal-likeness"
--- Factory                  : An event is signal-like, if its MVA output exceeds the following value:
--- Factory                  : --------------------
--- Factory                  :  Method:  Cut value:
--- Factory                  : --------------------
--- Factory                  :    BDTG:     +0.126
--- Factory                  : --------------------
--- Factory                  : which correspond to the working point: eff(signal) = 1 - eff(background)
--- Factory                  : 
--- Factory                  : Evaluation results ranked by best signal efficiency and purity (area)
--- Factory                  : --------------------------------------------------------------------------------
--- Factory                  : MVA              Signal efficiency at bkg eff.(error):       | Sepa-    Signifi- 
--- Factory                  : Method:          @B=0.01    @B=0.10    @B=0.30    ROC-integ. | ration:  cance:   
--- Factory                  : --------------------------------------------------------------------------------
--- Factory                  : BDTG           : 0.000(00)  0.155(07)  0.500(09)    0.655    | 0.099    0.396
--- Factory                  : --------------------------------------------------------------------------------
--- Factory                  : 
--- Factory                  : Testing efficiency compared to training efficiency (overtraining check)
--- Factory                  : --------------------------------------------------------------------------------
--- Factory                  : MVA              Signal efficiency: from test sample (from training sample) 
--- Factory                  : Method:          @B=0.01             @B=0.10            @B=0.30   
--- Factory                  : --------------------------------------------------------------------------------
--- Factory                  : BDTG           : 0.000 (0.000)       0.155 (0.260)      0.500 (0.586)
--- Factory                  : --------------------------------------------------------------------------------
--- Factory                  : 
--- Dataset:Default          : Created tree 'TestTree' with 4976 events
--- Dataset:Default          : Created tree 'TrainTree' with 4976 events
--- Factory                  :   
--- Factory                  : [1mThank you for using TMVA![0m
--- Factory                  : [1mFor citation information, please visit: http://tmva.sf.net/citeTMVA.html[0m
  
==> Wrote root file: TMVA_trained_OS_ge3jge3t_aaa.root
  
  
==> TMVAClassification is done!
